<?xml version="1.0" encoding="UTF-8"?>
<!-- Generated by org.testng.reporters.JUnitXMLReporter -->
<testsuite hostname="DESKTOP-62KAO1N" ignored="0" name="Test(failed)" tests="2" failures="1" timestamp="2022-09-07T19:10:59 IST" time="23.051" errors="0">
  <testcase name="createapage" time="3.856" classname="Testnextgeneration.Test5"/>
  <testcase name="login" time="3.931" classname="assertions.test0">
    <failure type="java.lang.AssertionError" message="expected [Facebook - log in or sign up] but found [Facebook – log in or sign up]">
      <![CDATA[java.lang.AssertionError: expected [Facebook - log in or sign up] but found [Facebook – log in or sign up]
at assertions.test0.login(test0.java:34)
at java.util.ArrayList.forEach(Unknown Source)
... Removed 33 stack frames]]>
    </failure>
  </testcase> <!-- login -->
</testsuite> <!-- Test(failed) -->
