<?xml version="1.0" encoding="UTF-8"?>
<testng-results skipped="0" failed="0" ignored="0" total="1" passed="1">
  <reporter-output>
    <line>
      <![CDATA[Facebook – log in or sign up]]>
    </line>
    <line>
      <![CDATA[https://www.facebook.com/login/?privacy_mutation_token=eyJ0eXBlIjowLCJjcmVhdGlvbl90aW1lIjoxNjYyOTY1NzI5LCJjYWxsc2l0ZV9pZCI6MzgxMjI5MDc5NTc1OTQ2fQ%3D%3D]]>
    </line>
  </reporter-output>
  <suite name="Default suite" duration-ms="12115" started-at="2022-09-12T12:25:19 IST" finished-at="2022-09-12T12:25:31 IST">
    <groups>
    </groups>
    <test name="Default test" duration-ms="12115" started-at="2022-09-12T12:25:19 IST" finished-at="2022-09-12T12:25:31 IST">
      <class name="Testnextgeneration.Test2">
        <test-method status="PASS" signature="openApp()[pri:0, instance:Testnextgeneration.Test2@15d0c81b]" name="openApp" is-config="true" duration-ms="7413" started-at="2022-09-12T12:25:19 IST" finished-at="2022-09-12T12:25:27 IST">
          <reporter-output>
          </reporter-output>
        </test-method> <!-- openApp -->
        <test-method status="PASS" signature="login()[pri:0, instance:Testnextgeneration.Test2@15d0c81b]" name="login" duration-ms="3234" started-at="2022-09-12T12:25:27 IST" finished-at="2022-09-12T12:25:30 IST">
          <reporter-output>
            <line>
              <![CDATA[Facebook – log in or sign up]]>
            </line>
            <line>
              <![CDATA[https://www.facebook.com/login/?privacy_mutation_token=eyJ0eXBlIjowLCJjcmVhdGlvbl90aW1lIjoxNjYyOTY1NzI5LCJjYWxsc2l0ZV9pZCI6MzgxMjI5MDc5NTc1OTQ2fQ%3D%3D]]>
            </line>
          </reporter-output>
        </test-method> <!-- login -->
        <test-method status="PASS" signature="closeApp()[pri:0, instance:Testnextgeneration.Test2@15d0c81b]" name="closeApp" is-config="true" duration-ms="1413" started-at="2022-09-12T12:25:30 IST" finished-at="2022-09-12T12:25:31 IST">
          <reporter-output>
          </reporter-output>
        </test-method> <!-- closeApp -->
      </class> <!-- Testnextgeneration.Test2 -->
    </test> <!-- Default test -->
  </suite> <!-- Default suite -->
</testng-results>
