<?xml version="1.0" encoding="UTF-8"?>
<!-- Generated by org.testng.reporters.JUnitXMLReporter -->
<testsuite hostname="DESKTOP-62KAO1N" ignored="0" name="Test(failed)(failed)" tests="1" failures="1" timestamp="2022-09-07T19:11:42 IST" time="13.318" errors="0">
  <testcase name="login" time="4.75" classname="assertions.test0">
    <failure type="java.lang.AssertionError" message="expected [Facebook - log in or sign up] but found [Facebook – log in or sign up]">
      <![CDATA[java.lang.AssertionError: expected [Facebook - log in or sign up] but found [Facebook – log in or sign up]
at assertions.test0.login(test0.java:34)
at java.util.ArrayList.forEach(Unknown Source)
... Removed 33 stack frames]]>
    </failure>
  </testcase> <!-- login -->
</testsuite> <!-- Test(failed)(failed) -->
