<?xml version="1.0" encoding="UTF-8"?>
<!-- Generated by org.testng.reporters.JUnitReportReporter -->
<testsuite skipped="0" hostname="DESKTOP-62KAO1N" name="Testnextgeneration.Test2" tests="1" failures="0" timestamp="2022-09-12T12:25:31 IST" time="12.060" errors="0">
  <testcase name="login" time="12.060" classname="Testnextgeneration.Test2"/>
  <system-out>
    <![CDATA[Facebook – log in or sign up
https://www.facebook.com/login/?privacy_mutation_token=eyJ0eXBlIjowLCJjcmVhdGlvbl90aW1lIjoxNjYyOTY1NzI5LCJjYWxsc2l0ZV9pZCI6MzgxMjI5MDc5NTc1OTQ2fQ%3D%3D]]>
  </system-out>
</testsuite> <!-- Testnextgeneration.Test2 -->
