<?xml version="1.0" encoding="UTF-8"?>
<!-- Generated by org.testng.reporters.JUnitReportReporter -->
<testsuite skipped="0" hostname="DESKTOP-62KAO1N" name="assertions.Test1" tests="1" failures="0" timestamp="2022-09-07T18:51:56 IST" time="11.933" errors="0">
  <testcase name="login" time="11.933" classname="assertions.Test1"/>
  <system-out>
    <![CDATA[Facebook – log in or sign up
https://www.facebook.com/login/?privacy_mutation_token=eyJ0eXBlIjowLCJjcmVhdGlvbl90aW1lIjoxNjYyNTU2OTEwLCJjYWxsc2l0ZV9pZCI6MzgxMjI5MDc5NTc1OTQ2fQ%3D%3D]]>
  </system-out>
</testsuite> <!-- assertions.Test1 -->
